<?xml version="1.0" encoding="UTF-8"?>
<testsuite xmlns:xsi="http://www.w3.org/2001/XMLSchema-instance" xsi:noNamespaceSchemaLocation="https://maven.apache.org/surefire/maven-surefire-plugin/xsd/surefire-test-report-3.0.xsd" version="3.0" name="com.twitterApplication.UserServiceImpTest" time="0.124" tests="4" errors="0" skipped="0" failures="0">
  <properties>
[...]
</properties>
  <testcase name="testFindUserByName" classname="com.twitterApplication.UserServiceImpTest" time="0.108"/>
  <testcase name="testCreateUser" classname="com.twitterApplication.UserServiceImpTest" time="0.005"/>
  <testcase name="testFindUserById" classname="com.twitterApplication.UserServiceImpTest" time="0.005"/>
  <testcase name="testFollowUser" classname="com.twitterApplication.UserServiceImpTest" time="0.004"/>
</testsuite>